1551646008030	mozrunner::runner	INFO	Running command: "C:\\Program Files\\Mozilla Firefox\\firefox.exe" "-marionette" "-foreground" "-no-remote" "-profile" "C:\\Users\\baymax\\AppData\\Local\\Temp\\rust_mozprofile.komlmR2P96ej"
1551646010059	addons.webextension.screenshots@mozilla.org	WARN	Loading extension 'screenshots@mozilla.org': Reading manifest: Invalid host permission: resource://pdf.js/
1551646010060	addons.webextension.screenshots@mozilla.org	WARN	Loading extension 'screenshots@mozilla.org': Reading manifest: Invalid host permission: about:reader*
1551646014798	Marionette	INFO	Listening on port 64709
1551646015207	Marionette	WARN	TLS certificate errors will be ignored for this session
1551646023726	Marionette	INFO	Stopped listening on port 64709
IPDL protocol error: Handler returned error code!

###!!! [Parent][DispatchAsyncMessage] Error: PLayerTransaction::Msg_ReleaseLayer Processing error: message was deserialized, but the handler returned false (indicating failure)

IPDL protocol error: Handler returned error code!

###!!! [Parent][DispatchAsyncMessage] Error: PLayerTransaction::Msg_ReleaseLayer Processing error: message was deserialized, but the handler returned false (indicating failure)

IPDL protocol error: Handler returned error code!

###!!! [Parent][DispatchAsyncMessage] Error: PLayerTransaction::Msg_ReleaseLayer Processing error: message was deserialized, but the handler returned false (indicating failure)

IPDL protocol error: Handler returned error code!

###!!! [Parent][DispatchAsyncMessage] Error: PLayerTransaction::Msg_ReleaseLayer Processing error: message was deserialized, but the handler returned false (indicating failure)

IPDL protocol error: Handler returned error code!

###!!! [Parent][DispatchAsyncMessage] Error: PLayerTransaction::Msg_ReleaseLayer Processing error: message was deserialized, but the handler returned false (indicating failure)

[Parent 4460, Gecko_IOThread] WARNING: pipe error: 109: file z:/build/build/src/ipc/chromium/src/chrome/common/ipc_channel_win.cc, line 332
[Child 5328, Chrome_ChildThread] WARNING: pipe error: 109: file z:/build/build/src/ipc/chromium/src/chrome/common/ipc_channel_win.cc, line 332
[Child 5328, Chrome_ChildThread] WARNI[Parent 4460, Gecko_IOThread] WARNING: pipe error: 109: file z:/build/build/src/ipc/chromium/src/chrome/common/ipc_channel_win.cc, line 332
[Child 1644, Chrome_ChildThread] WARNING: pipe error: 109: file z:/build/build/src/ipc/chromium/src/chrome/common/ipc_channel_win.cc, line 332
[Child 1644, Chrome_Child[GPU 9284, C
###!!! [Child][RunMessage] Error: Channel closing: too late to send/recv, messages will be lost


###!!! [Child][MessageChannel::SendAndWait] Error: Channel error: cannot send/recv

1551646049425	mozrunner::runner	INFO	Running command: "C:\\Program Files\\Mozilla Firefox\\firefox.exe" "-marionette" "-foreground" "-no-remote" "-profile" "C:\\Users\\baymax\\AppData\\Local\\Temp\\rust_mozprofile.3HhPB8mbfUnd"
1551646049739	addons.webextension.screenshots@mozilla.org	WARN	Loading extension 'screenshots@mozilla.org': Reading manifest: Invalid host permission: resource://pdf.js/
1551646049739	addons.webextension.screenshots@mozilla.org	WARN	Loading extension 'screenshots@mozilla.org': Reading manifest: Invalid host permission: about:reader*
1551646052436	Marionette	INFO	Listening on port 64770
1551646052634	Marionette	WARN	TLS certificate errors will be ignored for this session
1551646058263	Marionette	INFO	Stopped listening on port 64770
[Parent 2000, Gecko_IOThread] WARNING: pipe error: 109: file z:/build/build/src/ipc/chromium/src/chrome/common/ipc_channel_win.cc, line 332
[Parent 2000, Gecko_IOThread] WARNING: pipe error: 109: file z:/build/build/src/ipc/chromium/src/chrome/common/ipc_channel_win.cc, line 332
[Child 9928, Chrome_ChildThread] WARNING: pipe error: 109: file z:/build/build/src/ipc/chromium/src/chrome/common/ipc_channel_win.cc, line 332
[Child 9928, Chrome_ChildThread] WARNING: pipe error: 109: file z:/build/build/src/ipc/chromium/src/chrome/common/ipc_channel_win.cc, line 332

###!!! [Child][MessageChannel::SendAndWait] Error: Channel error: cannot send/recv

1551646071176	mozrunner::runner	INFO	Running command: "C:\\Program Files\\Mozilla Firefox\\firefox.exe" "-marionette" "-foreground" "-no-remote" "-profile" "C:\\Users\\baymax\\AppData\\Local\\Temp\\rust_mozprofile.4iIaRkCsFKJP"
1551646071481	addons.webextension.screenshots@mozilla.org	WARN	Loading extension 'screenshots@mozilla.org': Reading manifest: Invalid host permission: resource://pdf.js/
1551646071481	addons.webextension.screenshots@mozilla.org	WARN	Loading extension 'screenshots@mozilla.org': Reading manifest: Invalid host permission: about:reader*
1551646074428	Marionette	INFO	Listening on port 64826
1551646074476	Marionette	WARN	TLS certificate errors will be ignored for this session
[Parent 1112, Gecko_IOThread] WARNING: pipe error: 109: file z:/build/build/src/ipc/chromium/src/chrome/common/ipc_channel_win.cc, line 332
[Child 5556, Chrome_ChildThread] WARNING: pipe error: 109: file z:/build/build/src/ipc/chromium/src/chrome/common/ipc_channel_win.cc, line 332
[Child 5556, Chrome_ChildThread] WARNING: pipe error: 109[Child 5188, Chrome_ChildThread] WARNING: pipe error: 109: file z:/build/build/src/ipc/chromium/src/chrome/common/ipc_channel_win.cc, line 332
[Child 5188, Chrome_[Parent 1112, Gecko_IOThread] WARNING: pipe error: 109: file z:/build/build/src/ipc/chromium/src/chrome/common/ipc_channel_win.cc, line 332
[Child 9168, Chrome_ChildThread] WARNING: pipe error: 109: file z:/build/build/src/ipc/chromium/src/chrome/common/ipc_channel_win.cc, line 332
[Child 9168, Chrome_ChildThread] W1551646090564	Marionette	INFO	Stopped listening on port 64826

###!!! [Child][MessageChannel::SendAndWait] Error: Channel error: cannot send/recv

1551646436870	mozrunner::runner	INFO	Running command: "C:\\Program Files\\Mozilla Firefox\\firefox.exe" "-marionette" "-foreground" "-no-remote" "-profile" "C:\\Users\\baymax\\AppData\\Local\\Temp\\rust_mozprofile.GGU8Y3pWhJcj"
1551646437192	addons.webextension.screenshots@mozilla.org	WARN	Loading extension 'screenshots@mozilla.org': Reading manifest: Invalid host permission: resource://pdf.js/
1551646437192	addons.webextension.screenshots@mozilla.org	WARN	Loading extension 'screenshots@mozilla.org': Reading manifest: Invalid host permission: about:reader*
1551646439779	Marionette	INFO	Listening on port 65059
1551646440073	Marionette	WARN	TLS certificate errors will be ignored for this session
[Child 2892, Chrome_ChildThread] WARNING: pipe error: 109: file z:/build/build/src/ipc/chromium/src/chrome/common/ipc_channel_win.cc, line 332
[Child 2892, Chrome_ChildThread] WARNIN[Parent 7524, Gecko_IOThread] WARNING: pipe error: 109: file z:/build/build/src/ipc/chromium/src/chrome/common/ipc_channel_win.cc, line 332
[Child 7952, Chrome_ChildThread] WARNING: pipe error: 109: file z:/build/build/src/ipc/chromium/src/chrome/common/ipc_channel_win.cc, line 332
[Child 7952, Chrome_ChildThread] WARNING: pipe error: 109: file1551646452963	Marionette	INFO	Stopped listening on port 65059

###!!! [Child][MessageChannel::SendAndWait] Error: Channel error: cannot send/recv

